09:08:49.670 logback [restartedMain] INFO  com.chikuo.BlogApplication - Starting BlogApplication on ChiKuodeMacBook-Pro.local with PID 606 (/Users/chikuo/test/blog/target/classes started by chikuo in /Users/chikuo/test/blog)
09:08:49.671 logback [restartedMain] INFO  com.chikuo.BlogApplication - No active profile set, falling back to default profiles: default
09:08:49.725 logback [restartedMain] INFO  o.s.b.w.s.c.AnnotationConfigServletWebServerApplicationContext - Refreshing org.springframework.boot.web.servlet.context.AnnotationConfigServletWebServerApplicationContext@357d9ad8: startup date [Fri Aug 17 09:08:49 CST 2018]; root of context hierarchy
09:08:51.059 logback [restartedMain] INFO  o.s.c.s.PostProcessorRegistrationDelegate$BeanPostProcessorChecker - Bean 'org.springframework.transaction.annotation.ProxyTransactionManagementConfiguration' of type [org.springframework.transaction.annotation.ProxyTransactionManagementConfiguration$$EnhancerBySpringCGLIB$$39b0df9] is not eligible for getting processed by all BeanPostProcessors (for example: not eligible for auto-proxying)
09:08:51.179 logback [restartedMain] INFO  o.s.c.s.PostProcessorRegistrationDelegate$BeanPostProcessorChecker - Bean 'org.springframework.hateoas.config.HateoasConfiguration' of type [org.springframework.hateoas.config.HateoasConfiguration$$EnhancerBySpringCGLIB$$831b5b2b] is not eligible for getting processed by all BeanPostProcessors (for example: not eligible for auto-proxying)
09:08:51.591 logback [restartedMain] INFO  o.s.b.w.e.tomcat.TomcatWebServer - Tomcat initialized with port(s): 8080 (http)
09:08:51.606 logback [restartedMain] INFO  o.a.coyote.http11.Http11NioProtocol - Initializing ProtocolHandler ["http-nio-8080"]
09:08:51.616 logback [restartedMain] INFO  o.a.catalina.core.StandardService - Starting service [Tomcat]
09:08:51.616 logback [restartedMain] INFO  o.a.catalina.core.StandardEngine - Starting Servlet Engine: Apache Tomcat/8.5.32
09:08:51.619 logback [localhost-startStop-1] INFO  o.a.c.core.AprLifecycleListener - The APR based Apache Tomcat Native library which allows optimal performance in production environments was not found on the java.library.path: [/Users/chikuo/Library/Java/Extensions:/Library/Java/Extensions:/Network/Library/Java/Extensions:/System/Library/Java/Extensions:/usr/lib/java:.]
09:08:51.688 logback [localhost-startStop-1] INFO  o.a.c.c.C.[Tomcat].[localhost].[/] - Initializing Spring embedded WebApplicationContext
09:08:51.688 logback [localhost-startStop-1] INFO  o.s.web.context.ContextLoader - Root WebApplicationContext: initialization completed in 1963 ms
09:08:51.762 logback [localhost-startStop-1] INFO  o.s.b.w.s.ServletRegistrationBean - Servlet dispatcherServlet mapped to [/]
09:08:51.765 logback [localhost-startStop-1] INFO  o.s.b.w.s.FilterRegistrationBean - Mapping filter: 'characterEncodingFilter' to: [/*]
09:08:51.765 logback [localhost-startStop-1] INFO  o.s.b.w.s.FilterRegistrationBean - Mapping filter: 'hiddenHttpMethodFilter' to: [/*]
09:08:51.765 logback [localhost-startStop-1] INFO  o.s.b.w.s.FilterRegistrationBean - Mapping filter: 'httpPutFormContentFilter' to: [/*]
09:08:51.765 logback [localhost-startStop-1] INFO  o.s.b.w.s.FilterRegistrationBean - Mapping filter: 'requestContextFilter' to: [/*]
09:08:52.483 logback [restartedMain] INFO  o.s.aop.framework.CglibAopProxy - Method [java.util.List springfox.documentation.schema.property.OptimizedModelPropertiesProvider.candidateProperties(com.fasterxml.classmate.ResolvedType,com.fasterxml.jackson.databind.introspect.AnnotatedMember,com.fasterxml.jackson.databind.introspect.BeanPropertyDefinition,springfox.documentation.spi.schema.contexts.ModelContext)] is package-visible across different ClassLoaders and cannot get proxied via CGLIB: Declare this method as public or protected if you need to support invocations through the proxy.
09:08:52.643 logback [restartedMain] INFO  o.s.w.s.m.m.a.RequestMappingHandlerMapping - Mapped "{[/admin/article/],methods=[POST]}" onto public java.lang.String com.chikuo.controller.BackController.addArticle(com.chikuo.dto.ArticleDto)
09:08:52.644 logback [restartedMain] INFO  o.s.w.s.m.m.a.RequestMappingHandlerMapping - Mapped "{[/admin/article/{id}],methods=[POST]}" onto public java.lang.String com.chikuo.controller.BackController.deleteArticle(java.lang.Long)
09:08:52.645 logback [restartedMain] INFO  o.s.w.s.m.m.a.RequestMappingHandlerMapping - Mapped "{[/admin/article/(id)],methods=[POST]}" onto public java.lang.String com.chikuo.controller.BackController.updateArticle(java.lang.Long,com.chikuo.dto.ArticleDto)
09:08:52.645 logback [restartedMain] INFO  o.s.w.s.m.m.a.RequestMappingHandlerMapping - Mapped "{[/admin/article/picture/{id}],methods=[PUT]}" onto public java.lang.String com.chikuo.controller.BackController.updateArticlePicture(java.lang.Long,java.lang.String)
09:08:52.645 logback [restartedMain] INFO  o.s.w.s.m.m.a.RequestMappingHandlerMapping - Mapped "{[/admin/category],methods=[POST]}" onto public java.lang.String com.chikuo.controller.BackController.addCategoryInfo(com.chikuo.entity.CategoryInfo)
09:08:52.646 logback [restartedMain] INFO  o.s.w.s.m.m.a.RequestMappingHandlerMapping - Mapped "{[/admin/category/{id}],methods=[PUT]}" onto public java.lang.String com.chikuo.controller.BackController.updateCategoryInfo(java.lang.Long,com.chikuo.entity.CategoryInfo)
09:08:52.646 logback [restartedMain] INFO  o.s.w.s.m.m.a.RequestMappingHandlerMapping - Mapped "{[/admin/category/{id}],methods=[DELETE]}" onto public java.lang.String com.chikuo.controller.BackController.deleteCategoryInfo(java.lang.Long)
09:08:52.646 logback [restartedMain] INFO  o.s.w.s.m.m.a.RequestMappingHandlerMapping - Mapped "{[/admin/category/{id}],methods=[GET]}" onto public com.chikuo.entity.CategoryInfo com.chikuo.controller.BackController.getCategoryInfo(java.lang.Long)
09:08:52.646 logback [restartedMain] INFO  o.s.w.s.m.m.a.RequestMappingHandlerMapping - Mapped "{[/admin/comment/article/{id}],methods=[DELETE]}" onto public java.lang.String com.chikuo.controller.BackController.deleteArticleComment(java.lang.Long)
09:08:52.647 logback [restartedMain] INFO  o.s.w.s.m.m.a.RequestMappingHandlerMapping - Mapped "{[/admin/comment/{id}],methods=[DELETE]}" onto public java.lang.String com.chikuo.controller.BackController.deleteComment(java.lang.Long)
09:08:52.647 logback [restartedMain] INFO  o.s.w.s.m.m.a.RequestMappingHandlerMapping - Mapped "{[/admin/comment/reply/{id}],methods=[GET]}" onto public java.lang.String com.chikuo.controller.BackController.replyComment(java.lang.Long)
09:08:52.647 logback [restartedMain] INFO  o.s.w.s.m.m.a.RequestMappingHandlerMapping - Mapped "{[/admin/comment/{id}],methods=[GET]}" onto public com.chikuo.entity.Comment com.chikuo.controller.BackController.getCommentById(java.lang.Long)
09:08:52.648 logback [restartedMain] INFO  o.s.w.s.m.m.a.RequestMappingHandlerMapping - Mapped "{[/admin/article/{id}],methods=[GET]}" onto public com.chikuo.dto.ArticleDto com.chikuo.controller.BackController.getArticleDtoById(java.lang.Long)
09:08:52.650 logback [restartedMain] INFO  o.s.w.s.m.m.a.RequestMappingHandlerMapping - Mapped "{[/api/article/list],methods=[GET]}" onto public java.util.List<com.chikuo.dto.ArticleWithPictureDto> com.chikuo.controller.ForeController.listAllArticleInfo()
09:08:52.650 logback [restartedMain] INFO  o.s.w.s.m.m.a.RequestMappingHandlerMapping - Mapped "{[/api/article/list/sort/{id}],methods=[GET]}" onto public java.util.List<com.chikuo.dto.ArticleWithPictureDto> com.chikuo.controller.ForeController.listArticleInfo(java.lang.Long)
09:08:52.650 logback [restartedMain] INFO  o.s.w.s.m.m.a.RequestMappingHandlerMapping - Mapped "{[/api/article/list/lastest],methods=[GET]}" onto public java.util.List<com.chikuo.dto.ArticleWithPictureDto> com.chikuo.controller.ForeController.listLastestArticle()
09:08:52.651 logback [restartedMain] INFO  o.s.w.s.m.m.a.RequestMappingHandlerMapping - Mapped "{[/api/article/{id}],methods=[GET]}" onto public com.chikuo.dto.ArticleDto com.chikuo.controller.ForeController.getArticleById(java.lang.Long)
09:08:52.651 logback [restartedMain] INFO  o.s.w.s.m.m.a.RequestMappingHandlerMapping - Mapped "{[/api/category/list],methods=[GET]}" onto public java.util.List<com.chikuo.entity.CategoryInfo> com.chikuo.controller.ForeController.listAllCategoryInfo()
09:08:52.651 logback [restartedMain] INFO  o.s.w.s.m.m.a.RequestMappingHandlerMapping - Mapped "{[/api/comment/list],methods=[GET]}" onto public java.util.List<com.chikuo.entity.Comment> com.chikuo.controller.ForeController.listAllComment()
09:08:52.652 logback [restartedMain] INFO  o.s.w.s.m.m.a.RequestMappingHandlerMapping - Mapped "{[/api/comment/article/{id}],methods=[GET]}" onto public java.util.List<com.chikuo.dto.ArticleCommentDto> com.chikuo.controller.ForeController.listMessageByArticleId(java.lang.Long)
09:08:52.652 logback [restartedMain] INFO  o.s.w.s.m.m.a.RequestMappingHandlerMapping - Mapped "{[/api/comment/article/{id}],methods=[POST]}" onto public java.lang.String com.chikuo.controller.ForeController.addArticleComment(java.lang.Long,com.chikuo.dto.ArticleCommentDto,javax.servlet.http.HttpServletRequest)
09:08:52.652 logback [restartedMain] INFO  o.s.w.s.m.m.a.RequestMappingHandlerMapping - Mapped "{[/api/comment],methods=[POST]}" onto public java.lang.String com.chikuo.controller.ForeController.addMessage(com.chikuo.entity.Comment,javax.servlet.http.HttpServletRequest)
09:08:52.653 logback [restartedMain] INFO  o.s.w.s.m.m.a.RequestMappingHandlerMapping - Mapped "{[/admin/sys/log],methods=[GET]}" onto public java.util.List<com.chikuo.entity.SysLog> com.chikuo.controller.SysController.listAllLog()
09:08:52.653 logback [restartedMain] INFO  o.s.w.s.m.m.a.RequestMappingHandlerMapping - Mapped "{[/admin/sys/view],methods=[GET]}" onto public java.util.List<com.chikuo.entity.SysView> com.chikuo.controller.SysController.listAllView()
09:08:52.654 logback [restartedMain] INFO  o.s.w.s.m.m.a.RequestMappingHandlerMapping - Mapped "{[/v2/api-docs],methods=[GET]}" onto public org.springframework.http.ResponseEntity<springfox.documentation.spring.web.json.Json> springfox.documentation.swagger2.web.Swagger2Controller.getDocumentation(java.lang.String)
09:08:52.656 logback [restartedMain] INFO  o.s.w.s.m.m.a.RequestMappingHandlerMapping - Mapped "{[/configuration/security]}" onto org.springframework.http.ResponseEntity<springfox.documentation.swagger.web.SecurityConfiguration> springfox.documentation.swagger.web.ApiResourceController.securityConfiguration()
09:08:52.657 logback [restartedMain] INFO  o.s.w.s.m.m.a.RequestMappingHandlerMapping - Mapped "{[/configuration/ui]}" onto org.springframework.http.ResponseEntity<springfox.documentation.swagger.web.UiConfiguration> springfox.documentation.swagger.web.ApiResourceController.uiConfiguration()
09:08:52.657 logback [restartedMain] INFO  o.s.w.s.m.m.a.RequestMappingHandlerMapping - Mapped "{[/swagger-resources]}" onto org.springframework.http.ResponseEntity<java.util.List<springfox.documentation.swagger.web.SwaggerResource>> springfox.documentation.swagger.web.ApiResourceController.swaggerResources()
09:08:52.659 logback [restartedMain] INFO  o.s.w.s.m.m.a.RequestMappingHandlerMapping - Mapped "{[/error]}" onto public org.springframework.http.ResponseEntity<java.util.Map<java.lang.String, java.lang.Object>> org.springframework.boot.autoconfigure.web.servlet.error.BasicErrorController.error(javax.servlet.http.HttpServletRequest)
09:08:52.659 logback [restartedMain] INFO  o.s.w.s.m.m.a.RequestMappingHandlerMapping - Mapped "{[/error],produces=[text/html]}" onto public org.springframework.web.servlet.ModelAndView org.springframework.boot.autoconfigure.web.servlet.error.BasicErrorController.errorHtml(javax.servlet.http.HttpServletRequest,javax.servlet.http.HttpServletResponse)
09:08:52.904 logback [restartedMain] INFO  o.s.w.s.h.SimpleUrlHandlerMapping - Mapped URL path [/**/favicon.ico] onto handler of type [class org.springframework.web.servlet.resource.ResourceHttpRequestHandler]
09:08:53.132 logback [restartedMain] INFO  o.s.w.s.m.m.a.RequestMappingHandlerAdapter - Looking for @ControllerAdvice: org.springframework.boot.web.servlet.context.AnnotationConfigServletWebServerApplicationContext@357d9ad8: startup date [Fri Aug 17 09:08:49 CST 2018]; root of context hierarchy
09:08:53.175 logback [restartedMain] INFO  o.s.w.s.h.SimpleUrlHandlerMapping - Mapped URL path [/toLogin] onto handler of type [class org.springframework.web.servlet.mvc.ParameterizableViewController]
09:08:53.189 logback [restartedMain] INFO  o.s.w.s.h.SimpleUrlHandlerMapping - Mapped URL path [/webjars/**] onto handler of type [class org.springframework.web.servlet.resource.ResourceHttpRequestHandler]
09:08:53.189 logback [restartedMain] INFO  o.s.w.s.h.SimpleUrlHandlerMapping - Mapped URL path [/**] onto handler of type [class org.springframework.web.servlet.resource.ResourceHttpRequestHandler]
09:08:53.519 logback [restartedMain] INFO  o.s.b.d.a.OptionalLiveReloadServer - LiveReload server is running on port 35729
09:08:53.548 logback [restartedMain] INFO  o.s.j.e.a.AnnotationMBeanExporter - Registering beans for JMX exposure on startup
09:08:53.549 logback [restartedMain] INFO  o.s.j.e.a.AnnotationMBeanExporter - Bean with name 'dataSource' has been autodetected for JMX exposure
09:08:53.555 logback [restartedMain] INFO  o.s.j.e.a.AnnotationMBeanExporter - Located MBean 'dataSource': registering with JMX server as MBean [com.zaxxer.hikari:name=dataSource,type=HikariDataSource]
09:08:53.563 logback [restartedMain] INFO  s.d.s.w.p.DocumentationPluginsBootstrapper - Context refreshed
09:08:53.579 logback [restartedMain] INFO  s.d.s.w.p.DocumentationPluginsBootstrapper - Found {0} custom documentation plugin(s)
09:08:53.588 logback [restartedMain] INFO  s.d.s.w.s.ApiListingReferenceScanner - Scanning for api listing references
09:08:53.617 logback [restartedMain] INFO  o.a.coyote.http11.Http11NioProtocol - Starting ProtocolHandler ["http-nio-8080"]
09:08:53.641 logback [restartedMain] INFO  o.a.tomcat.util.net.NioSelectorPool - Using a shared selector for servlet write/read
09:08:53.654 logback [restartedMain] INFO  o.s.b.w.e.tomcat.TomcatWebServer - Tomcat started on port(s): 8080 (http) with context path ''
09:08:53.659 logback [restartedMain] INFO  com.chikuo.BlogApplication - Started BlogApplication in 4.39 seconds (JVM running for 6.03)
14:55:23.637 logback [http-nio-8080-exec-1] INFO  o.a.c.c.C.[Tomcat].[localhost].[/] - Initializing Spring FrameworkServlet 'dispatcherServlet'
14:55:23.637 logback [http-nio-8080-exec-1] INFO  o.s.web.servlet.DispatcherServlet - FrameworkServlet 'dispatcherServlet': initialization started
14:55:23.663 logback [http-nio-8080-exec-1] INFO  o.s.web.servlet.DispatcherServlet - FrameworkServlet 'dispatcherServlet': initialization completed in 25 ms
14:55:23.729 logback [http-nio-8080-exec-1] INFO  com.zaxxer.hikari.HikariDataSource - HikariPool-1 - Starting...
14:55:24.107 logback [http-nio-8080-exec-1] INFO  com.zaxxer.hikari.HikariDataSource - HikariPool-1 - Start completed.
14:56:17.901 logback [http-nio-8080-exec-5] WARN  o.s.web.servlet.PageNotFound - Request method 'GET' not supported
14:56:17.901 logback [http-nio-8080-exec-5] WARN  o.s.w.s.m.s.DefaultHandlerExceptionResolver - Resolved exception caused by Handler execution: org.springframework.web.HttpRequestMethodNotSupportedException: Request method 'GET' not supported
